# Logfile created on 2020-12-25 17:08:07 -0300 by logger.rb/66358
I, [2020-12-25T17:08:07.558344 #4374]  INFO -- : Starting example: records submitted expenses
I, [2020-12-25T17:08:07.558557 #4374]  INFO -- : (0.000049s) BEGIN
I, [2020-12-25T17:08:07.559805 #4374]  INFO -- : (0.000200s) INSERT INTO `expenses` (`payee`, `amount`, `date`) VALUES ('Starbucks', 5.75, '2017-06-10')
I, [2020-12-25T17:08:07.560238 #4374]  INFO -- : (0.000107s) SELECT max(`id`) AS 'max' FROM `expenses` LIMIT 1
I, [2020-12-25T17:08:07.563659 #4374]  INFO -- : (0.000080s) INSERT INTO `expenses` (`payee`, `amount`, `date`) VALUES ('Zoo', 15.25, '2017-06-10')
I, [2020-12-25T17:08:07.564002 #4374]  INFO -- : (0.000106s) SELECT max(`id`) AS 'max' FROM `expenses` LIMIT 1
I, [2020-12-25T17:08:07.565120 #4374]  INFO -- : (0.000067s) INSERT INTO `expenses` (`payee`, `amount`, `date`) VALUES ('Whole Foods', 95.2, '2017-06-11')
I, [2020-12-25T17:08:07.565623 #4374]  INFO -- : (0.000100s) SELECT max(`id`) AS 'max' FROM `expenses` LIMIT 1
I, [2020-12-25T17:08:07.567443 #4374]  INFO -- : (0.000677s) SELECT * FROM `expenses` WHERE (`date` = '2017-06-10')
I, [2020-12-25T17:08:07.572143 #4374]  INFO -- : (0.000184s) ROLLBACK
I, [2020-12-25T17:08:07.572262 #4374]  INFO -- : Ending example: records submitted expenses 
I, [2020-12-25T17:08:07.576138 #4374]  INFO -- : Starting example: returns a blank array when there are no matching expenses
I, [2020-12-25T17:08:07.576324 #4374]  INFO -- : (0.000045s) BEGIN
I, [2020-12-25T17:08:07.576866 #4374]  INFO -- : (0.000284s) SELECT * FROM `expenses` WHERE (`date` = '2020-12-03')
I, [2020-12-25T17:08:07.577043 #4374]  INFO -- : (0.000032s) ROLLBACK
I, [2020-12-25T17:08:07.577198 #4374]  INFO -- : Ending example: returns a blank array when there are no matching expenses 
I, [2020-12-25T17:08:07.577546 #4374]  INFO -- : Starting example: returns all expenses for the provided date
I, [2020-12-25T17:08:07.577659 #4374]  INFO -- : (0.000029s) BEGIN
I, [2020-12-25T17:08:07.578138 #4374]  INFO -- : (0.000167s) INSERT INTO `expenses` (`payee`, `amount`, `date`) VALUES ('Starbucks', 5.75, '2017-06-10')
I, [2020-12-25T17:08:07.578434 #4374]  INFO -- : (0.000093s) SELECT max(`id`) AS 'max' FROM `expenses` LIMIT 1
I, [2020-12-25T17:08:07.578763 #4374]  INFO -- : (0.000113s) INSERT INTO `expenses` (`payee`, `amount`, `date`) VALUES ('Starbucks', 5.75, '2017-06-10')
I, [2020-12-25T17:08:07.579119 #4374]  INFO -- : (0.000172s) SELECT max(`id`) AS 'max' FROM `expenses` LIMIT 1
I, [2020-12-25T17:08:07.579321 #4374]  INFO -- : (0.000048s) INSERT INTO `expenses` (`payee`, `amount`, `date`) VALUES ('Starbucks', 5.75, '2017-06-11')
I, [2020-12-25T17:08:07.579564 #4374]  INFO -- : (0.000073s) SELECT max(`id`) AS 'max' FROM `expenses` LIMIT 1
I, [2020-12-25T17:08:07.580206 #4374]  INFO -- : (0.000229s) SELECT * FROM `expenses` WHERE (`date` = '2017-06-10')
I, [2020-12-25T17:08:07.580897 #4374]  INFO -- : (0.000295s) ROLLBACK
I, [2020-12-25T17:08:07.581071 #4374]  INFO -- : Ending example: returns all expenses for the provided date 
I, [2020-12-25T17:08:07.581889 #4374]  INFO -- : Starting example: successfully saves the expense in the DB
I, [2020-12-25T17:08:07.582150 #4374]  INFO -- : (0.000060s) BEGIN
I, [2020-12-25T17:08:07.582994 #4374]  INFO -- : (0.000474s) INSERT INTO `expenses` (`payee`, `amount`, `date`) VALUES ('Starbucks', 5.75, '2017-06-10')
I, [2020-12-25T17:08:07.583330 #4374]  INFO -- : (0.000106s) SELECT max(`id`) AS 'max' FROM `expenses` LIMIT 1
I, [2020-12-25T17:08:07.587207 #4374]  INFO -- : (0.000196s) SELECT * FROM `expenses`
I, [2020-12-25T17:08:07.590311 #4374]  INFO -- : (0.000148s) ROLLBACK
I, [2020-12-25T17:08:07.590415 #4374]  INFO -- : Ending example: successfully saves the expense in the DB 
I, [2020-12-25T17:08:07.591106 #4374]  INFO -- : Starting example: rejects the expense as invalid
I, [2020-12-25T17:08:07.591234 #4374]  INFO -- : (0.000032s) BEGIN
I, [2020-12-25T17:08:07.591830 #4374]  INFO -- : (0.000115s) SELECT count(*) AS 'count' FROM `expenses` LIMIT 1
I, [2020-12-25T17:08:07.592018 #4374]  INFO -- : (0.000034s) ROLLBACK
I, [2020-12-25T17:08:07.592102 #4374]  INFO -- : Ending example: rejects the expense as invalid 
I, [2020-12-25T17:43:03.946550 #4821]  INFO -- : Starting example: returns all expenses for the provided date
I, [2020-12-25T17:43:03.946953 #4821]  INFO -- : (0.000089s) BEGIN
I, [2020-12-25T17:43:03.947952 #4821]  INFO -- : (0.000366s) INSERT INTO `expenses` (`payee`, `amount`, `date`) VALUES ('Starbucks', 5.75, '2017-06-10')
I, [2020-12-25T17:43:03.948657 #4821]  INFO -- : (0.000187s) SELECT max(`id`) AS 'max' FROM `expenses` LIMIT 1
I, [2020-12-25T17:43:03.949228 #4821]  INFO -- : (0.000109s) INSERT INTO `expenses` (`payee`, `amount`, `date`) VALUES ('Starbucks', 5.75, '2017-06-10')
I, [2020-12-25T17:43:03.949829 #4821]  INFO -- : (0.000150s) SELECT max(`id`) AS 'max' FROM `expenses` LIMIT 1
I, [2020-12-25T17:43:03.950541 #4821]  INFO -- : (0.000106s) INSERT INTO `expenses` (`payee`, `amount`, `date`) VALUES ('Starbucks', 5.75, '2017-06-11')
I, [2020-12-25T17:43:03.951145 #4821]  INFO -- : (0.000164s) SELECT max(`id`) AS 'max' FROM `expenses` LIMIT 1
I, [2020-12-25T17:43:03.956946 #4821]  INFO -- : (0.005260s) SELECT * FROM `expenses` WHERE (`date` = '2017-06-10')
I, [2020-12-25T17:43:03.977422 #4821]  INFO -- : (0.000298s) ROLLBACK
I, [2020-12-25T17:43:03.977589 #4821]  INFO -- : Ending example: returns all expenses for the provided date 
I, [2020-12-25T17:43:03.978148 #4821]  INFO -- : Starting example: returns a blank array when there are no matching expenses
I, [2020-12-25T17:43:03.978328 #4821]  INFO -- : (0.000045s) BEGIN
I, [2020-12-25T17:43:03.978918 #4821]  INFO -- : (0.000208s) SELECT * FROM `expenses` WHERE (`date` = '2020-12-03')
I, [2020-12-25T17:43:03.979158 #4821]  INFO -- : (0.000042s) ROLLBACK
I, [2020-12-25T17:43:03.979269 #4821]  INFO -- : Ending example: returns a blank array when there are no matching expenses 
I, [2020-12-25T17:43:03.980021 #4821]  INFO -- : Starting example: successfully saves the expense in the DB
I, [2020-12-25T17:43:03.980165 #4821]  INFO -- : (0.000039s) BEGIN
I, [2020-12-25T17:43:03.980671 #4821]  INFO -- : (0.000235s) INSERT INTO `expenses` (`payee`, `amount`, `date`) VALUES ('Starbucks', 5.75, '2017-06-10')
I, [2020-12-25T17:43:03.981054 #4821]  INFO -- : (0.000125s) SELECT max(`id`) AS 'max' FROM `expenses` LIMIT 1
I, [2020-12-25T17:43:03.987087 #4821]  INFO -- : (0.000289s) SELECT * FROM `expenses`
I, [2020-12-25T17:43:03.990999 #4821]  INFO -- : (0.000176s) ROLLBACK
I, [2020-12-25T17:43:03.991124 #4821]  INFO -- : Ending example: successfully saves the expense in the DB 
I, [2020-12-25T17:43:03.991764 #4821]  INFO -- : Starting example: rejects the expense as invalid
I, [2020-12-25T17:43:03.991943 #4821]  INFO -- : (0.000035s) BEGIN
I, [2020-12-25T17:43:03.992477 #4821]  INFO -- : (0.000122s) SELECT count(*) AS 'count' FROM `expenses` LIMIT 1
I, [2020-12-25T17:43:03.992641 #4821]  INFO -- : (0.000031s) ROLLBACK
I, [2020-12-25T17:43:03.992712 #4821]  INFO -- : Ending example: rejects the expense as invalid 
I, [2020-12-25T17:43:03.993367 #4821]  INFO -- : Starting example: records submitted expenses
I, [2020-12-25T17:43:03.993493 #4821]  INFO -- : (0.000029s) BEGIN
I, [2020-12-25T17:43:03.994651 #4821]  INFO -- : (0.000197s) INSERT INTO `expenses` (`payee`, `amount`, `date`) VALUES ('Starbucks', 5.75, '2017-06-10')
I, [2020-12-25T17:43:03.994974 #4821]  INFO -- : (0.000100s) SELECT max(`id`) AS 'max' FROM `expenses` LIMIT 1
I, [2020-12-25T17:43:03.997931 #4821]  INFO -- : (0.000075s) INSERT INTO `expenses` (`payee`, `amount`, `date`) VALUES ('Zoo', 15.25, '2017-06-10')
I, [2020-12-25T17:43:03.998327 #4821]  INFO -- : (0.000109s) SELECT max(`id`) AS 'max' FROM `expenses` LIMIT 1
I, [2020-12-25T17:43:03.999244 #4821]  INFO -- : (0.000064s) INSERT INTO `expenses` (`payee`, `amount`, `date`) VALUES ('Whole Foods', 95.2, '2017-06-11')
I, [2020-12-25T17:43:03.999556 #4821]  INFO -- : (0.000096s) SELECT max(`id`) AS 'max' FROM `expenses` LIMIT 1
I, [2020-12-25T17:43:04.000684 #4821]  INFO -- : (0.000210s) SELECT * FROM `expenses` WHERE (`date` = '2017-06-10')
I, [2020-12-25T17:43:04.001468 #4821]  INFO -- : (0.000199s) ROLLBACK
I, [2020-12-25T17:43:04.001574 #4821]  INFO -- : Ending example: records submitted expenses 
I, [2020-12-25T17:44:41.319937 #4916]  INFO -- : Starting example: records submitted expenses
I, [2020-12-25T17:44:41.320551 #4916]  INFO -- : (0.000112s) BEGIN
I, [2020-12-25T17:44:41.410772 #4916]  INFO -- : (0.000309s) INSERT INTO `expenses` (`payee`, `amount`, `date`) VALUES ('Starbucks', 5.75, '2017-06-10')
I, [2020-12-25T17:44:41.411263 #4916]  INFO -- : (0.000106s) SELECT max(`id`) AS 'max' FROM `expenses` LIMIT 1
I, [2020-12-25T17:44:41.426851 #4916]  INFO -- : (0.000080s) INSERT INTO `expenses` (`payee`, `amount`, `date`) VALUES ('Zoo', 15.25, '2017-06-10')
I, [2020-12-25T17:44:41.427196 #4916]  INFO -- : (0.000099s) SELECT max(`id`) AS 'max' FROM `expenses` LIMIT 1
I, [2020-12-25T17:44:41.428018 #4916]  INFO -- : (0.000053s) INSERT INTO `expenses` (`payee`, `amount`, `date`) VALUES ('Whole Foods', 95.2, '2017-06-11')
I, [2020-12-25T17:44:41.428301 #4916]  INFO -- : (0.000100s) SELECT max(`id`) AS 'max' FROM `expenses` LIMIT 1
I, [2020-12-25T17:44:41.430003 #4916]  INFO -- : (0.000600s) SELECT * FROM `expenses` WHERE (`date` = '2017-06-10')
I, [2020-12-25T17:44:41.594168 #4916]  INFO -- : (0.001051s) ROLLBACK
I, [2020-12-25T17:44:41.594477 #4916]  INFO -- : Ending example: records submitted expenses 
I, [2020-12-25T17:44:41.886835 #4916]  INFO -- : Starting example: rejects the expense as invalid
I, [2020-12-25T17:44:41.887104 #4916]  INFO -- : (0.000066s) BEGIN
I, [2020-12-25T17:44:41.892246 #4916]  INFO -- : (0.000289s) SELECT count(*) AS 'count' FROM `expenses` LIMIT 1
I, [2020-12-25T17:44:41.892817 #4916]  INFO -- : (0.000070s) ROLLBACK
I, [2020-12-25T17:44:41.892951 #4916]  INFO -- : Ending example: rejects the expense as invalid 
I, [2020-12-25T17:44:41.894026 #4916]  INFO -- : Starting example: successfully saves the expense in the DB
I, [2020-12-25T17:44:41.894205 #4916]  INFO -- : (0.000044s) BEGIN
I, [2020-12-25T17:44:41.894789 #4916]  INFO -- : (0.000230s) INSERT INTO `expenses` (`payee`, `amount`, `date`) VALUES ('Starbucks', 5.75, '2017-06-10')
I, [2020-12-25T17:44:41.895191 #4916]  INFO -- : (0.000123s) SELECT max(`id`) AS 'max' FROM `expenses` LIMIT 1
I, [2020-12-25T17:44:41.895628 #4916]  INFO -- : (0.000195s) SELECT * FROM `expenses`
I, [2020-12-25T17:44:41.897927 #4916]  INFO -- : (0.000229s) ROLLBACK
I, [2020-12-25T17:44:41.898086 #4916]  INFO -- : Ending example: successfully saves the expense in the DB 
I, [2020-12-25T17:44:41.898937 #4916]  INFO -- : Starting example: returns a blank array when there are no matching expenses
I, [2020-12-25T17:44:41.899134 #4916]  INFO -- : (0.000053s) BEGIN
I, [2020-12-25T17:44:41.899772 #4916]  INFO -- : (0.000206s) SELECT * FROM `expenses` WHERE (`date` = '2020-12-03')
I, [2020-12-25T17:44:41.900204 #4916]  INFO -- : (0.000085s) ROLLBACK
I, [2020-12-25T17:44:41.900315 #4916]  INFO -- : Ending example: returns a blank array when there are no matching expenses 
I, [2020-12-25T17:44:41.900838 #4916]  INFO -- : Starting example: returns all expenses for the provided date
I, [2020-12-25T17:44:41.901147 #4916]  INFO -- : (0.000167s) BEGIN
I, [2020-12-25T17:44:41.901712 #4916]  INFO -- : (0.000230s) INSERT INTO `expenses` (`payee`, `amount`, `date`) VALUES ('Starbucks', 5.75, '2017-06-10')
I, [2020-12-25T17:44:41.902144 #4916]  INFO -- : (0.000160s) SELECT max(`id`) AS 'max' FROM `expenses` LIMIT 1
I, [2020-12-25T17:44:41.902425 #4916]  INFO -- : (0.000066s) INSERT INTO `expenses` (`payee`, `amount`, `date`) VALUES ('Starbucks', 5.75, '2017-06-10')
I, [2020-12-25T17:44:41.902742 #4916]  INFO -- : (0.000098s) SELECT max(`id`) AS 'max' FROM `expenses` LIMIT 1
I, [2020-12-25T17:44:41.902985 #4916]  INFO -- : (0.000061s) INSERT INTO `expenses` (`payee`, `amount`, `date`) VALUES ('Starbucks', 5.75, '2017-06-11')
I, [2020-12-25T17:44:41.903358 #4916]  INFO -- : (0.000111s) SELECT max(`id`) AS 'max' FROM `expenses` LIMIT 1
I, [2020-12-25T17:44:41.903799 #4916]  INFO -- : (0.000247s) SELECT * FROM `expenses` WHERE (`date` = '2017-06-10')
I, [2020-12-25T17:44:41.904316 #4916]  INFO -- : (0.000145s) ROLLBACK
I, [2020-12-25T17:44:41.914033 #4916]  INFO -- : Ending example: returns all expenses for the provided date 
I, [2020-12-30T15:24:57.386569 #7978]  INFO -- : Starting example: records submitted expenses
I, [2020-12-30T15:24:57.396145 #7978]  INFO -- : (0.000046s) BEGIN
I, [2020-12-30T15:24:57.605940 #7978]  INFO -- : (0.001187s) INSERT INTO `expenses` (`payee`, `amount`, `date`) VALUES ('Starbucks', 5.75, '2017-06-10')
I, [2020-12-30T15:24:57.606572 #7978]  INFO -- : (0.000201s) SELECT max(`id`) AS 'max' FROM `expenses` LIMIT 1
I, [2020-12-30T15:24:57.654495 #7978]  INFO -- : (0.000065s) INSERT INTO `expenses` (`payee`, `amount`, `date`) VALUES ('Zoo', 15.25, '2017-06-10')
I, [2020-12-30T15:24:57.654822 #7978]  INFO -- : (0.000124s) SELECT max(`id`) AS 'max' FROM `expenses` LIMIT 1
I, [2020-12-30T15:24:57.655561 #7978]  INFO -- : (0.000056s) INSERT INTO `expenses` (`payee`, `amount`, `date`) VALUES ('Whole Foods', 95.2, '2017-06-11')
I, [2020-12-30T15:24:57.655811 #7978]  INFO -- : (0.000076s) SELECT max(`id`) AS 'max' FROM `expenses` LIMIT 1
I, [2020-12-30T15:24:57.657200 #7978]  INFO -- : (0.000534s) SELECT * FROM `expenses` WHERE (`date` = '2017-06-10')
I, [2020-12-30T15:24:57.661162 #7978]  INFO -- : (0.000118s) ROLLBACK
I, [2020-12-30T15:24:57.661246 #7978]  INFO -- : Ending example: records submitted expenses 
I, [2020-12-30T15:24:57.825744 #7978]  INFO -- : Starting example: returns a blank array when there are no matching expenses
I, [2020-12-30T15:24:57.826003 #7978]  INFO -- : (0.000041s) BEGIN
I, [2020-12-30T15:24:57.826413 #7978]  INFO -- : (0.000154s) SELECT * FROM `expenses` WHERE (`date` = '2020-12-03')
I, [2020-12-30T15:24:57.826585 #7978]  INFO -- : (0.000046s) ROLLBACK
I, [2020-12-30T15:24:57.826670 #7978]  INFO -- : Ending example: returns a blank array when there are no matching expenses 
I, [2020-12-30T15:24:57.827095 #7978]  INFO -- : Starting example: returns all expenses for the provided date
I, [2020-12-30T15:24:57.827516 #7978]  INFO -- : (0.000050s) BEGIN
I, [2020-12-30T15:24:57.828062 #7978]  INFO -- : (0.000186s) INSERT INTO `expenses` (`payee`, `amount`, `date`) VALUES ('Starbucks', 5.75, '2017-06-10')
I, [2020-12-30T15:24:57.828403 #7978]  INFO -- : (0.000088s) SELECT max(`id`) AS 'max' FROM `expenses` LIMIT 1
I, [2020-12-30T15:24:57.828572 #7978]  INFO -- : (0.000039s) INSERT INTO `expenses` (`payee`, `amount`, `date`) VALUES ('Starbucks', 5.75, '2017-06-10')
I, [2020-12-30T15:24:57.828853 #7978]  INFO -- : (0.000094s) SELECT max(`id`) AS 'max' FROM `expenses` LIMIT 1
I, [2020-12-30T15:24:57.829236 #7978]  INFO -- : (0.000046s) INSERT INTO `expenses` (`payee`, `amount`, `date`) VALUES ('Starbucks', 5.75, '2017-06-11')
I, [2020-12-30T15:24:57.829482 #7978]  INFO -- : (0.000072s) SELECT max(`id`) AS 'max' FROM `expenses` LIMIT 1
I, [2020-12-30T15:24:57.829918 #7978]  INFO -- : (0.000243s) SELECT * FROM `expenses` WHERE (`date` = '2017-06-10')
I, [2020-12-30T15:24:57.830299 #7978]  INFO -- : (0.000108s) ROLLBACK
I, [2020-12-30T15:24:57.830364 #7978]  INFO -- : Ending example: returns all expenses for the provided date 
I, [2020-12-30T15:24:57.830968 #7978]  INFO -- : Starting example: rejects the expense as invalid
I, [2020-12-30T15:24:57.831088 #7978]  INFO -- : (0.000026s) BEGIN
I, [2020-12-30T15:24:57.834718 #7978]  INFO -- : (0.000217s) SELECT count(*) AS 'count' FROM `expenses` LIMIT 1
I, [2020-12-30T15:24:57.834897 #7978]  INFO -- : (0.000028s) ROLLBACK
I, [2020-12-30T15:24:57.834956 #7978]  INFO -- : Ending example: rejects the expense as invalid 
I, [2020-12-30T15:24:57.835336 #7978]  INFO -- : Starting example: successfully saves the expense in the DB
I, [2020-12-30T15:24:57.835422 #7978]  INFO -- : (0.000019s) BEGIN
I, [2020-12-30T15:24:57.835767 #7978]  INFO -- : (0.000144s) INSERT INTO `expenses` (`payee`, `amount`, `date`) VALUES ('Starbucks', 5.75, '2017-06-10')
I, [2020-12-30T15:24:57.835989 #7978]  INFO -- : (0.000073s) SELECT max(`id`) AS 'max' FROM `expenses` LIMIT 1
I, [2020-12-30T15:24:57.836199 #7978]  INFO -- : (0.000106s) SELECT * FROM `expenses`
I, [2020-12-30T15:24:57.840026 #7978]  INFO -- : (0.000170s) ROLLBACK
I, [2020-12-30T15:24:57.840115 #7978]  INFO -- : Ending example: successfully saves the expense in the DB 
I, [2020-12-30T15:27:06.872529 #8252]  INFO -- : Starting example: records submitted expenses
I, [2020-12-30T15:27:06.873298 #8252]  INFO -- : (0.000039s) BEGIN
I, [2020-12-30T15:27:06.906168 #8252]  INFO -- : (0.000216s) INSERT INTO `expenses` (`payee`, `amount`, `date`) VALUES ('Starbucks', 5.75, '2017-06-10')
I, [2020-12-30T15:27:06.906447 #8252]  INFO -- : (0.000078s) SELECT max(`id`) AS 'max' FROM `expenses` LIMIT 1
I, [2020-12-30T15:27:06.917521 #8252]  INFO -- : (0.000062s) INSERT INTO `expenses` (`payee`, `amount`, `date`) VALUES ('Zoo', 15.25, '2017-06-10')
I, [2020-12-30T15:27:06.917848 #8252]  INFO -- : (0.000102s) SELECT max(`id`) AS 'max' FROM `expenses` LIMIT 1
I, [2020-12-30T15:27:06.918584 #8252]  INFO -- : (0.000041s) INSERT INTO `expenses` (`payee`, `amount`, `date`) VALUES ('Whole Foods', 95.2, '2017-06-11')
I, [2020-12-30T15:27:06.918848 #8252]  INFO -- : (0.000121s) SELECT max(`id`) AS 'max' FROM `expenses` LIMIT 1
I, [2020-12-30T15:27:06.921051 #8252]  INFO -- : (0.000464s) SELECT * FROM `expenses` WHERE (`date` = '2017-06-10')
I, [2020-12-30T15:27:06.924200 #8252]  INFO -- : (0.000137s) ROLLBACK
I, [2020-12-30T15:27:06.924276 #8252]  INFO -- : Ending example: records submitted expenses 
I, [2020-12-30T15:27:06.949074 #8252]  INFO -- : Starting example: returns all expenses for the provided date
I, [2020-12-30T15:27:06.949223 #8252]  INFO -- : (0.000035s) BEGIN
I, [2020-12-30T15:27:06.949734 #8252]  INFO -- : (0.000175s) INSERT INTO `expenses` (`payee`, `amount`, `date`) VALUES ('Starbucks', 5.75, '2017-06-10')
I, [2020-12-30T15:27:06.950257 #8252]  INFO -- : (0.000224s) SELECT max(`id`) AS 'max' FROM `expenses` LIMIT 1
I, [2020-12-30T15:27:06.950485 #8252]  INFO -- : (0.000037s) INSERT INTO `expenses` (`payee`, `amount`, `date`) VALUES ('Starbucks', 5.75, '2017-06-10')
I, [2020-12-30T15:27:06.950779 #8252]  INFO -- : (0.000060s) SELECT max(`id`) AS 'max' FROM `expenses` LIMIT 1
I, [2020-12-30T15:27:06.951193 #8252]  INFO -- : (0.000125s) INSERT INTO `expenses` (`payee`, `amount`, `date`) VALUES ('Starbucks', 5.75, '2017-06-11')
I, [2020-12-30T15:27:06.951412 #8252]  INFO -- : (0.000089s) SELECT max(`id`) AS 'max' FROM `expenses` LIMIT 1
I, [2020-12-30T15:27:06.951791 #8252]  INFO -- : (0.000261s) SELECT * FROM `expenses` WHERE (`date` = '2017-06-10')
I, [2020-12-30T15:27:06.952189 #8252]  INFO -- : (0.000108s) ROLLBACK
I, [2020-12-30T15:27:06.952245 #8252]  INFO -- : Ending example: returns all expenses for the provided date 
I, [2020-12-30T15:27:06.952614 #8252]  INFO -- : Starting example: returns a blank array when there are no matching expenses
I, [2020-12-30T15:27:06.952775 #8252]  INFO -- : (0.000053s) BEGIN
I, [2020-12-30T15:27:06.953070 #8252]  INFO -- : (0.000110s) SELECT * FROM `expenses` WHERE (`date` = '2020-12-03')
I, [2020-12-30T15:27:06.953174 #8252]  INFO -- : (0.000020s) ROLLBACK
I, [2020-12-30T15:27:06.953219 #8252]  INFO -- : Ending example: returns a blank array when there are no matching expenses 
I, [2020-12-30T15:27:06.953736 #8252]  INFO -- : Starting example: successfully saves the expense in the DB
I, [2020-12-30T15:27:06.953818 #8252]  INFO -- : (0.000019s) BEGIN
I, [2020-12-30T15:27:06.954207 #8252]  INFO -- : (0.000121s) INSERT INTO `expenses` (`payee`, `amount`, `date`) VALUES ('Starbucks', 5.75, '2017-06-10')
I, [2020-12-30T15:27:06.954420 #8252]  INFO -- : (0.000069s) SELECT max(`id`) AS 'max' FROM `expenses` LIMIT 1
I, [2020-12-30T15:27:06.957335 #8252]  INFO -- : (0.000199s) SELECT * FROM `expenses`
I, [2020-12-30T15:27:06.959827 #8252]  INFO -- : (0.000126s) ROLLBACK
I, [2020-12-30T15:27:06.959904 #8252]  INFO -- : Ending example: successfully saves the expense in the DB 
I, [2020-12-30T15:27:06.960266 #8252]  INFO -- : Starting example: rejects the expense as invalid
I, [2020-12-30T15:27:06.960352 #8252]  INFO -- : (0.000020s) BEGIN
I, [2020-12-30T15:27:06.960754 #8252]  INFO -- : (0.000128s) SELECT count(*) AS 'count' FROM `expenses` LIMIT 1
I, [2020-12-30T15:27:06.960879 #8252]  INFO -- : (0.000022s) ROLLBACK
I, [2020-12-30T15:27:06.960924 #8252]  INFO -- : Ending example: rejects the expense as invalid 
I, [2020-12-30T15:27:10.288856 #8290]  INFO -- : Starting example: records submitted expenses
I, [2020-12-30T15:27:10.288994 #8290]  INFO -- : (0.000032s) BEGIN
I, [2020-12-30T15:27:10.321242 #8290]  INFO -- : (0.000181s) INSERT INTO `expenses` (`payee`, `amount`, `date`) VALUES ('Starbucks', 5.75, '2017-06-10')
I, [2020-12-30T15:27:10.321605 #8290]  INFO -- : (0.000077s) SELECT max(`id`) AS 'max' FROM `expenses` LIMIT 1
I, [2020-12-30T15:27:10.332041 #8290]  INFO -- : (0.000059s) INSERT INTO `expenses` (`payee`, `amount`, `date`) VALUES ('Zoo', 15.25, '2017-06-10')
I, [2020-12-30T15:27:10.332348 #8290]  INFO -- : (0.000075s) SELECT max(`id`) AS 'max' FROM `expenses` LIMIT 1
I, [2020-12-30T15:27:10.332901 #8290]  INFO -- : (0.000038s) INSERT INTO `expenses` (`payee`, `amount`, `date`) VALUES ('Whole Foods', 95.2, '2017-06-11')
I, [2020-12-30T15:27:10.333141 #8290]  INFO -- : (0.000058s) SELECT max(`id`) AS 'max' FROM `expenses` LIMIT 1
I, [2020-12-30T15:27:10.335306 #8290]  INFO -- : (0.000538s) SELECT * FROM `expenses` WHERE (`date` = '2017-06-10')
I, [2020-12-30T15:27:10.338710 #8290]  INFO -- : (0.000109s) ROLLBACK
I, [2020-12-30T15:27:10.338784 #8290]  INFO -- : Ending example: records submitted expenses 
I, [2020-12-30T15:27:10.365334 #8290]  INFO -- : Starting example: returns a blank array when there are no matching expenses
I, [2020-12-30T15:27:10.365474 #8290]  INFO -- : (0.000035s) BEGIN
I, [2020-12-30T15:27:10.365781 #8290]  INFO -- : (0.000115s) SELECT * FROM `expenses` WHERE (`date` = '2020-12-03')
I, [2020-12-30T15:27:10.365901 #8290]  INFO -- : (0.000021s) ROLLBACK
I, [2020-12-30T15:27:10.366162 #8290]  INFO -- : Ending example: returns a blank array when there are no matching expenses 
I, [2020-12-30T15:27:10.366509 #8290]  INFO -- : Starting example: returns all expenses for the provided date
I, [2020-12-30T15:27:10.366588 #8290]  INFO -- : (0.000020s) BEGIN
I, [2020-12-30T15:27:10.366861 #8290]  INFO -- : (0.000118s) INSERT INTO `expenses` (`payee`, `amount`, `date`) VALUES ('Starbucks', 5.75, '2017-06-10')
I, [2020-12-30T15:27:10.367071 #8290]  INFO -- : (0.000065s) SELECT max(`id`) AS 'max' FROM `expenses` LIMIT 1
I, [2020-12-30T15:27:10.367309 #8290]  INFO -- : (0.000053s) INSERT INTO `expenses` (`payee`, `amount`, `date`) VALUES ('Starbucks', 5.75, '2017-06-10')
I, [2020-12-30T15:27:10.367495 #8290]  INFO -- : (0.000055s) SELECT max(`id`) AS 'max' FROM `expenses` LIMIT 1
I, [2020-12-30T15:27:10.367630 #8290]  INFO -- : (0.000034s) INSERT INTO `expenses` (`payee`, `amount`, `date`) VALUES ('Starbucks', 5.75, '2017-06-11')
I, [2020-12-30T15:27:10.367900 #8290]  INFO -- : (0.000104s) SELECT max(`id`) AS 'max' FROM `expenses` LIMIT 1
I, [2020-12-30T15:27:10.368271 #8290]  INFO -- : (0.000183s) SELECT * FROM `expenses` WHERE (`date` = '2017-06-10')
I, [2020-12-30T15:27:10.368525 #8290]  INFO -- : (0.000075s) ROLLBACK
I, [2020-12-30T15:27:10.368576 #8290]  INFO -- : Ending example: returns all expenses for the provided date 
I, [2020-12-30T15:27:10.368997 #8290]  INFO -- : Starting example: successfully saves the expense in the DB
I, [2020-12-30T15:27:10.369073 #8290]  INFO -- : (0.000018s) BEGIN
I, [2020-12-30T15:27:10.369413 #8290]  INFO -- : (0.000111s) INSERT INTO `expenses` (`payee`, `amount`, `date`) VALUES ('Starbucks', 5.75, '2017-06-10')
I, [2020-12-30T15:27:10.369599 #8290]  INFO -- : (0.000059s) SELECT max(`id`) AS 'max' FROM `expenses` LIMIT 1
I, [2020-12-30T15:27:10.372448 #8290]  INFO -- : (0.000136s) SELECT * FROM `expenses`
I, [2020-12-30T15:27:10.374838 #8290]  INFO -- : (0.000128s) ROLLBACK
I, [2020-12-30T15:27:10.374915 #8290]  INFO -- : Ending example: successfully saves the expense in the DB 
I, [2020-12-30T15:27:10.375334 #8290]  INFO -- : Starting example: rejects the expense as invalid
I, [2020-12-30T15:27:10.375421 #8290]  INFO -- : (0.000022s) BEGIN
I, [2020-12-30T15:27:10.375765 #8290]  INFO -- : (0.000081s) SELECT count(*) AS 'count' FROM `expenses` LIMIT 1
I, [2020-12-30T15:27:10.375865 #8290]  INFO -- : (0.000020s) ROLLBACK
I, [2020-12-30T15:27:10.375910 #8290]  INFO -- : Ending example: rejects the expense as invalid 
I, [2020-12-30T15:27:44.691836 #8438]  INFO -- : Starting example: returns a blank array when there are no matching expenses
I, [2020-12-30T15:27:44.692003 #8438]  INFO -- : (0.000037s) BEGIN
I, [2020-12-30T15:27:44.692355 #8438]  INFO -- : (0.000119s) SELECT * FROM `expenses` WHERE (`date` = '2020-12-03')
I, [2020-12-30T15:27:44.693826 #8438]  INFO -- : (0.000034s) ROLLBACK
I, [2020-12-30T15:27:44.693949 #8438]  INFO -- : Ending example: returns a blank array when there are no matching expenses 
I, [2020-12-30T15:27:44.694561 #8438]  INFO -- : Starting example: returns all expenses for the provided date
I, [2020-12-30T15:27:44.694659 #8438]  INFO -- : (0.000025s) BEGIN
I, [2020-12-30T15:27:44.694988 #8438]  INFO -- : (0.000134s) INSERT INTO `expenses` (`payee`, `amount`, `date`) VALUES ('Starbucks', 5.75, '2017-06-10')
I, [2020-12-30T15:27:44.695285 #8438]  INFO -- : (0.000079s) SELECT max(`id`) AS 'max' FROM `expenses` LIMIT 1
I, [2020-12-30T15:27:44.695492 #8438]  INFO -- : (0.000039s) INSERT INTO `expenses` (`payee`, `amount`, `date`) VALUES ('Starbucks', 5.75, '2017-06-10')
I, [2020-12-30T15:27:44.695677 #8438]  INFO -- : (0.000055s) SELECT max(`id`) AS 'max' FROM `expenses` LIMIT 1
I, [2020-12-30T15:27:44.695812 #8438]  INFO -- : (0.000033s) INSERT INTO `expenses` (`payee`, `amount`, `date`) VALUES ('Starbucks', 5.75, '2017-06-11')
I, [2020-12-30T15:27:44.695979 #8438]  INFO -- : (0.000051s) SELECT max(`id`) AS 'max' FROM `expenses` LIMIT 1
I, [2020-12-30T15:27:44.696548 #8438]  INFO -- : (0.000459s) SELECT * FROM `expenses` WHERE (`date` = '2017-06-10')
I, [2020-12-30T15:27:44.702371 #8438]  INFO -- : (0.000243s) ROLLBACK
I, [2020-12-30T15:27:44.702474 #8438]  INFO -- : Ending example: returns all expenses for the provided date 
I, [2020-12-30T15:27:44.702938 #8438]  INFO -- : Starting example: successfully saves the expense in the DB
I, [2020-12-30T15:27:44.703029 #8438]  INFO -- : (0.000025s) BEGIN
I, [2020-12-30T15:27:44.703388 #8438]  INFO -- : (0.000122s) INSERT INTO `expenses` (`payee`, `amount`, `date`) VALUES ('Starbucks', 5.75, '2017-06-10')
I, [2020-12-30T15:27:44.703618 #8438]  INFO -- : (0.000075s) SELECT max(`id`) AS 'max' FROM `expenses` LIMIT 1
I, [2020-12-30T15:27:44.706414 #8438]  INFO -- : (0.000141s) SELECT * FROM `expenses`
I, [2020-12-30T15:27:44.708713 #8438]  INFO -- : (0.000114s) ROLLBACK
I, [2020-12-30T15:27:44.708795 #8438]  INFO -- : Ending example: successfully saves the expense in the DB 
I, [2020-12-30T15:27:44.709297 #8438]  INFO -- : Starting example: rejects the expense as invalid
I, [2020-12-30T15:27:44.709390 #8438]  INFO -- : (0.000023s) BEGIN
I, [2020-12-30T15:27:44.709790 #8438]  INFO -- : (0.000087s) SELECT count(*) AS 'count' FROM `expenses` LIMIT 1
I, [2020-12-30T15:27:44.709897 #8438]  INFO -- : (0.000021s) ROLLBACK
I, [2020-12-30T15:27:44.709944 #8438]  INFO -- : Ending example: rejects the expense as invalid 
I, [2020-12-30T15:27:44.780707 #8438]  INFO -- : Starting example: records submitted expenses
I, [2020-12-30T15:27:44.780853 #8438]  INFO -- : (0.000035s) BEGIN
I, [2020-12-30T15:27:44.781875 #8438]  INFO -- : (0.000160s) INSERT INTO `expenses` (`payee`, `amount`, `date`) VALUES ('Starbucks', 5.75, '2017-06-10')
I, [2020-12-30T15:27:44.782414 #8438]  INFO -- : (0.000120s) SELECT max(`id`) AS 'max' FROM `expenses` LIMIT 1
I, [2020-12-30T15:27:44.785102 #8438]  INFO -- : (0.000061s) INSERT INTO `expenses` (`payee`, `amount`, `date`) VALUES ('Zoo', 15.25, '2017-06-10')
I, [2020-12-30T15:27:44.785435 #8438]  INFO -- : (0.000078s) SELECT max(`id`) AS 'max' FROM `expenses` LIMIT 1
I, [2020-12-30T15:27:44.786031 #8438]  INFO -- : (0.000040s) INSERT INTO `expenses` (`payee`, `amount`, `date`) VALUES ('Whole Foods', 95.2, '2017-06-11')
I, [2020-12-30T15:27:44.786377 #8438]  INFO -- : (0.000062s) SELECT max(`id`) AS 'max' FROM `expenses` LIMIT 1
I, [2020-12-30T15:27:44.787030 #8438]  INFO -- : (0.000148s) SELECT * FROM `expenses` WHERE (`date` = '2017-06-10')
I, [2020-12-30T15:27:44.787642 #8438]  INFO -- : (0.000093s) ROLLBACK
I, [2020-12-30T15:27:44.787708 #8438]  INFO -- : Ending example: records submitted expenses 
I, [2020-12-30T15:29:41.201724 #8595]  INFO -- : Starting example: records submitted expenses
I, [2020-12-30T15:29:41.201884 #8595]  INFO -- : (0.000037s) BEGIN
I, [2020-12-30T15:29:41.264337 #8595]  INFO -- : (0.000180s) INSERT INTO `expenses` (`payee`, `amount`, `date`) VALUES ('Starbucks', 5.75, '2017-06-10')
I, [2020-12-30T15:29:41.265079 #8595]  INFO -- : (0.000238s) SELECT max(`id`) AS 'max' FROM `expenses` LIMIT 1
I, [2020-12-30T15:29:41.277784 #8595]  INFO -- : (0.000064s) INSERT INTO `expenses` (`payee`, `amount`, `date`) VALUES ('Zoo', 15.25, '2017-06-10')
I, [2020-12-30T15:29:41.278438 #8595]  INFO -- : (0.000291s) SELECT max(`id`) AS 'max' FROM `expenses` LIMIT 1
I, [2020-12-30T15:29:41.279306 #8595]  INFO -- : (0.000047s) INSERT INTO `expenses` (`payee`, `amount`, `date`) VALUES ('Whole Foods', 95.2, '2017-06-11')
I, [2020-12-30T15:29:41.279669 #8595]  INFO -- : (0.000201s) SELECT max(`id`) AS 'max' FROM `expenses` LIMIT 1
I, [2020-12-30T15:29:41.282326 #8595]  INFO -- : (0.000513s) SELECT * FROM `expenses` WHERE (`date` = '2017-06-10')
I, [2020-12-30T15:29:41.285595 #8595]  INFO -- : (0.000106s) ROLLBACK
I, [2020-12-30T15:29:41.285786 #8595]  INFO -- : Ending example: records submitted expenses 
I, [2020-12-30T15:29:41.289767 #8595]  INFO -- : Starting example: returns all expenses for the provided date
I, [2020-12-30T15:29:41.289942 #8595]  INFO -- : (0.000037s) BEGIN
I, [2020-12-30T15:29:41.290573 #8595]  INFO -- : (0.000222s) INSERT INTO `expenses` (`payee`, `amount`, `date`) VALUES ('Starbucks', 5.75, '2017-06-10')
I, [2020-12-30T15:29:41.290929 #8595]  INFO -- : (0.000080s) SELECT max(`id`) AS 'max' FROM `expenses` LIMIT 1
I, [2020-12-30T15:29:41.291076 #8595]  INFO -- : (0.000034s) INSERT INTO `expenses` (`payee`, `amount`, `date`) VALUES ('Starbucks', 5.75, '2017-06-10')
I, [2020-12-30T15:29:41.291441 #8595]  INFO -- : (0.000058s) SELECT max(`id`) AS 'max' FROM `expenses` LIMIT 1
I, [2020-12-30T15:29:41.291627 #8595]  INFO -- : (0.000036s) INSERT INTO `expenses` (`payee`, `amount`, `date`) VALUES ('Starbucks', 5.75, '2017-06-11')
I, [2020-12-30T15:29:41.291904 #8595]  INFO -- : (0.000155s) SELECT max(`id`) AS 'max' FROM `expenses` LIMIT 1
I, [2020-12-30T15:29:41.292158 #8595]  INFO -- : (0.000132s) SELECT * FROM `expenses` WHERE (`date` = '2017-06-10')
I, [2020-12-30T15:29:41.292442 #8595]  INFO -- : (0.000090s) ROLLBACK
I, [2020-12-30T15:29:41.292500 #8595]  INFO -- : Ending example: returns all expenses for the provided date 
I, [2020-12-30T15:29:41.292975 #8595]  INFO -- : Starting example: returns a blank array when there are no matching expenses
I, [2020-12-30T15:29:41.293073 #8595]  INFO -- : (0.000022s) BEGIN
I, [2020-12-30T15:29:41.293369 #8595]  INFO -- : (0.000146s) SELECT * FROM `expenses` WHERE (`date` = '2020-12-03')
I, [2020-12-30T15:29:41.293486 #8595]  INFO -- : (0.000025s) ROLLBACK
I, [2020-12-30T15:29:41.293537 #8595]  INFO -- : Ending example: returns a blank array when there are no matching expenses 
I, [2020-12-30T15:29:41.294023 #8595]  INFO -- : Starting example: successfully saves the expense in the DB
I, [2020-12-30T15:29:41.294103 #8595]  INFO -- : (0.000018s) BEGIN
I, [2020-12-30T15:29:41.294361 #8595]  INFO -- : (0.000115s) INSERT INTO `expenses` (`payee`, `amount`, `date`) VALUES ('Starbucks', 5.75, '2017-06-10')
I, [2020-12-30T15:29:41.294562 #8595]  INFO -- : (0.000063s) SELECT max(`id`) AS 'max' FROM `expenses` LIMIT 1
I, [2020-12-30T15:29:41.297911 #8595]  INFO -- : (0.000332s) SELECT * FROM `expenses`
I, [2020-12-30T15:29:41.300671 #8595]  INFO -- : (0.000169s) ROLLBACK
I, [2020-12-30T15:29:41.300763 #8595]  INFO -- : Ending example: successfully saves the expense in the DB 
I, [2020-12-30T15:29:41.301612 #8595]  INFO -- : Starting example: rejects the expense as invalid
I, [2020-12-30T15:29:41.301721 #8595]  INFO -- : (0.000025s) BEGIN
I, [2020-12-30T15:29:41.302301 #8595]  INFO -- : (0.000163s) SELECT count(*) AS 'count' FROM `expenses` LIMIT 1
I, [2020-12-30T15:29:41.302419 #8595]  INFO -- : (0.000023s) ROLLBACK
I, [2020-12-30T15:29:41.302472 #8595]  INFO -- : Ending example: rejects the expense as invalid 
I, [2020-12-30T15:30:08.958017 #8649]  INFO -- : Starting example: successfully saves the expense in the DB
I, [2020-12-30T15:30:08.958185 #8649]  INFO -- : (0.000037s) BEGIN
I, [2020-12-30T15:30:08.958557 #8649]  INFO -- : (0.000141s) INSERT INTO `expenses` (`payee`, `amount`, `date`) VALUES ('Starbucks', 5.75, '2017-06-10')
I, [2020-12-30T15:30:08.958889 #8649]  INFO -- : (0.000078s) SELECT max(`id`) AS 'max' FROM `expenses` LIMIT 1
I, [2020-12-30T15:30:08.967672 #8649]  INFO -- : (0.000564s) SELECT * FROM `expenses`
I, [2020-12-30T15:30:08.972685 #8649]  INFO -- : (0.000118s) ROLLBACK
I, [2020-12-30T15:30:08.972772 #8649]  INFO -- : Ending example: successfully saves the expense in the DB 
I, [2020-12-30T15:30:08.973504 #8649]  INFO -- : Starting example: rejects the expense as invalid
I, [2020-12-30T15:30:08.973606 #8649]  INFO -- : (0.000026s) BEGIN
I, [2020-12-30T15:30:08.975496 #8649]  INFO -- : (0.000111s) SELECT count(*) AS 'count' FROM `expenses` LIMIT 1
I, [2020-12-30T15:30:08.975640 #8649]  INFO -- : (0.000025s) ROLLBACK
I, [2020-12-30T15:30:08.975698 #8649]  INFO -- : Ending example: rejects the expense as invalid 
I, [2020-12-30T15:30:08.976169 #8649]  INFO -- : Starting example: returns all expenses for the provided date
I, [2020-12-30T15:30:08.976309 #8649]  INFO -- : (0.000071s) BEGIN
I, [2020-12-30T15:30:08.976614 #8649]  INFO -- : (0.000121s) INSERT INTO `expenses` (`payee`, `amount`, `date`) VALUES ('Starbucks', 5.75, '2017-06-10')
I, [2020-12-30T15:30:08.976826 #8649]  INFO -- : (0.000067s) SELECT max(`id`) AS 'max' FROM `expenses` LIMIT 1
I, [2020-12-30T15:30:08.976967 #8649]  INFO -- : (0.000034s) INSERT INTO `expenses` (`payee`, `amount`, `date`) VALUES ('Starbucks', 5.75, '2017-06-10')
I, [2020-12-30T15:30:08.977183 #8649]  INFO -- : (0.000057s) SELECT max(`id`) AS 'max' FROM `expenses` LIMIT 1
I, [2020-12-30T15:30:08.977432 #8649]  INFO -- : (0.000035s) INSERT INTO `expenses` (`payee`, `amount`, `date`) VALUES ('Starbucks', 5.75, '2017-06-11')
I, [2020-12-30T15:30:08.977607 #8649]  INFO -- : (0.000052s) SELECT max(`id`) AS 'max' FROM `expenses` LIMIT 1
I, [2020-12-30T15:30:08.977941 #8649]  INFO -- : (0.000141s) SELECT * FROM `expenses` WHERE (`date` = '2017-06-10')
I, [2020-12-30T15:30:08.981541 #8649]  INFO -- : (0.000126s) ROLLBACK
I, [2020-12-30T15:30:08.981626 #8649]  INFO -- : Ending example: returns all expenses for the provided date 
I, [2020-12-30T15:30:08.982015 #8649]  INFO -- : Starting example: returns a blank array when there are no matching expenses
I, [2020-12-30T15:30:08.982161 #8649]  INFO -- : (0.000073s) BEGIN
I, [2020-12-30T15:30:08.982460 #8649]  INFO -- : (0.000113s) SELECT * FROM `expenses` WHERE (`date` = '2020-12-03')
I, [2020-12-30T15:30:08.982576 #8649]  INFO -- : (0.000021s) ROLLBACK
I, [2020-12-30T15:30:08.982626 #8649]  INFO -- : Ending example: returns a blank array when there are no matching expenses 
I, [2020-12-30T15:30:08.983007 #8649]  INFO -- : Starting example: records submitted expenses
I, [2020-12-30T15:30:08.983156 #8649]  INFO -- : (0.000060s) BEGIN
I, [2020-12-30T15:30:09.021453 #8649]  INFO -- : (0.000165s) INSERT INTO `expenses` (`payee`, `amount`, `date`) VALUES ('Starbucks', 5.75, '2017-06-10')
I, [2020-12-30T15:30:09.021727 #8649]  INFO -- : (0.000087s) SELECT max(`id`) AS 'max' FROM `expenses` LIMIT 1
I, [2020-12-30T15:30:09.029882 #8649]  INFO -- : (0.000158s) INSERT INTO `expenses` (`payee`, `amount`, `date`) VALUES ('Zoo', 15.25, '2017-06-10')
I, [2020-12-30T15:30:09.030415 #8649]  INFO -- : (0.000124s) SELECT max(`id`) AS 'max' FROM `expenses` LIMIT 1
I, [2020-12-30T15:30:09.031483 #8649]  INFO -- : (0.000101s) INSERT INTO `expenses` (`payee`, `amount`, `date`) VALUES ('Whole Foods', 95.2, '2017-06-11')
I, [2020-12-30T15:30:09.031815 #8649]  INFO -- : (0.000083s) SELECT max(`id`) AS 'max' FROM `expenses` LIMIT 1
I, [2020-12-30T15:30:09.034651 #8649]  INFO -- : (0.000182s) SELECT * FROM `expenses` WHERE (`date` = '2017-06-10')
I, [2020-12-30T15:30:09.035467 #8649]  INFO -- : (0.000177s) ROLLBACK
I, [2020-12-30T15:30:09.035561 #8649]  INFO -- : Ending example: records submitted expenses 
I, [2020-12-30T15:32:23.639565 #8790]  INFO -- : Starting example: records submitted expenses
I, [2020-12-30T15:32:23.639861 #8790]  INFO -- : (0.000056s) BEGIN
I, [2020-12-30T15:32:23.729844 #8790]  INFO -- : (0.000219s) INSERT INTO `expenses` (`payee`, `amount`, `date`) VALUES ('Starbucks', 5.75, '2017-06-10')
I, [2020-12-30T15:32:23.730147 #8790]  INFO -- : (0.000085s) SELECT max(`id`) AS 'max' FROM `expenses` LIMIT 1
I, [2020-12-30T15:32:23.759076 #8790]  INFO -- : (0.000081s) INSERT INTO `expenses` (`payee`, `amount`, `date`) VALUES ('Zoo', 15.25, '2017-06-10')
I, [2020-12-30T15:32:23.759359 #8790]  INFO -- : (0.000080s) SELECT max(`id`) AS 'max' FROM `expenses` LIMIT 1
I, [2020-12-30T15:32:23.759986 #8790]  INFO -- : (0.000045s) INSERT INTO `expenses` (`payee`, `amount`, `date`) VALUES ('Whole Foods', 95.2, '2017-06-11')
I, [2020-12-30T15:32:23.760195 #8790]  INFO -- : (0.000062s) SELECT max(`id`) AS 'max' FROM `expenses` LIMIT 1
I, [2020-12-30T15:32:23.767525 #8790]  INFO -- : (0.000664s) SELECT * FROM `expenses` WHERE (`date` = '2017-06-10')
I, [2020-12-30T15:32:23.772808 #8790]  INFO -- : (0.000717s) ROLLBACK
I, [2020-12-30T15:32:23.778044 #8790]  INFO -- : Ending example: records submitted expenses 
I, [2020-12-30T15:32:23.791009 #8790]  INFO -- : Starting example: returns all expenses for the provided date
I, [2020-12-30T15:32:23.791181 #8790]  INFO -- : (0.000056s) BEGIN
I, [2020-12-30T15:32:23.791552 #8790]  INFO -- : (0.000146s) INSERT INTO `expenses` (`payee`, `amount`, `date`) VALUES ('Starbucks', 5.75, '2017-06-10')
I, [2020-12-30T15:32:23.791784 #8790]  INFO -- : (0.000077s) SELECT max(`id`) AS 'max' FROM `expenses` LIMIT 1
I, [2020-12-30T15:32:23.791926 #8790]  INFO -- : (0.000035s) INSERT INTO `expenses` (`payee`, `amount`, `date`) VALUES ('Starbucks', 5.75, '2017-06-10')
I, [2020-12-30T15:32:23.792189 #8790]  INFO -- : (0.000143s) SELECT max(`id`) AS 'max' FROM `expenses` LIMIT 1
I, [2020-12-30T15:32:23.792330 #8790]  INFO -- : (0.000034s) INSERT INTO `expenses` (`payee`, `amount`, `date`) VALUES ('Starbucks', 5.75, '2017-06-11')
I, [2020-12-30T15:32:23.792502 #8790]  INFO -- : (0.000054s) SELECT max(`id`) AS 'max' FROM `expenses` LIMIT 1
I, [2020-12-30T15:32:23.792747 #8790]  INFO -- : (0.000134s) SELECT * FROM `expenses` WHERE (`date` = '2017-06-10')
I, [2020-12-30T15:32:23.793024 #8790]  INFO -- : (0.000091s) ROLLBACK
I, [2020-12-30T15:32:23.797810 #8790]  INFO -- : Ending example: returns all expenses for the provided date 
I, [2020-12-30T15:32:23.801544 #8790]  INFO -- : Starting example: returns a blank array when there are no matching expenses
I, [2020-12-30T15:32:23.801710 #8790]  INFO -- : (0.000035s) BEGIN
I, [2020-12-30T15:32:23.802067 #8790]  INFO -- : (0.000117s) SELECT * FROM `expenses` WHERE (`date` = '2020-12-03')
I, [2020-12-30T15:32:23.802185 #8790]  INFO -- : (0.000022s) ROLLBACK
I, [2020-12-30T15:32:23.802544 #8790]  INFO -- : Ending example: returns a blank array when there are no matching expenses 
I, [2020-12-30T15:32:23.810378 #8790]  INFO -- : Starting example: successfully saves the expense in the DB
I, [2020-12-30T15:32:23.810513 #8790]  INFO -- : (0.000034s) BEGIN
I, [2020-12-30T15:32:23.810920 #8790]  INFO -- : (0.000137s) INSERT INTO `expenses` (`payee`, `amount`, `date`) VALUES ('Starbucks', 5.75, '2017-06-10')
I, [2020-12-30T15:32:23.811147 #8790]  INFO -- : (0.000073s) SELECT max(`id`) AS 'max' FROM `expenses` LIMIT 1
I, [2020-12-30T15:32:23.814221 #8790]  INFO -- : (0.000214s) SELECT * FROM `expenses`
I, [2020-12-30T15:32:23.816423 #8790]  INFO -- : (0.000115s) ROLLBACK
I, [2020-12-30T15:32:23.817087 #8790]  INFO -- : Ending example: successfully saves the expense in the DB 
I, [2020-12-30T15:32:23.826958 #8790]  INFO -- : Starting example: rejects the expense as invalid
I, [2020-12-30T15:32:23.827093 #8790]  INFO -- : (0.000033s) BEGIN
I, [2020-12-30T15:32:23.827629 #8790]  INFO -- : (0.000094s) SELECT count(*) AS 'count' FROM `expenses` LIMIT 1
I, [2020-12-30T15:32:23.827741 #8790]  INFO -- : (0.000022s) ROLLBACK
I, [2020-12-30T15:32:23.827808 #8790]  INFO -- : Ending example: rejects the expense as invalid 
